# JRE version: OpenJDK Runtime Environment (15.0+36) (build 15+36-1562)
# Java VM: OpenJDK 64-Bit Server VM (15+36-1562, mixed mode, tiered, compressed oops, g1 gc, windows-amd64)
GC Precious Log:
 CPUs: 4 total, 4 available
 Memory: 8086M
 Large Page Support: Disabled
 NUMA Support: Disabled
 Compressed Oops: Enabled (32-bit)
 Heap Region Size: 1M
 Heap Min Capacity: 8M
 Heap Initial Capacity: 128M
 Heap Max Capacity: 2022M
 Pre-touch: Disabled
 Parallel Workers: 4
 Concurrent Workers: 1
 Concurrent Refinement Workers: 4
 Periodic GC: Disabled
Heap:
 garbage-first heap   total 148480K, used 72446K [0x0000000081a00000, 0x0000000100000000)
  region size 1024K, 15 young (15360K), 1 survivors (1024K)
 Metaspace       used 19045K, capacity 19197K, committed 19328K, reserved 1067008K
  class space    used 1820K, capacity 1894K, committed 1920K, reserved 1048576K
GC Heap History (20 events):
Event: 0.741 GC heap before
{Heap before GC invocations=0 (full 0):
 garbage-first heap   total 131072K, used 15360K [0x0000000081a00000, 0x0000000100000000)
  region size 1024K, 13 young (13312K), 0 survivors (0K)
 Metaspace       used 16546K, capacity 16733K, committed 16896K, reserved 1064960K
  class space    used 1656K, capacity 1734K, committed 1792K, reserved 1048576K
}
Event: 0.745 GC heap after
{Heap after GC invocations=1 (full 0):
 garbage-first heap   total 131072K, used 2652K [0x0000000081a00000, 0x0000000100000000)
  region size 1024K, 2 young (2048K), 2 survivors (2048K)
 Metaspace       used 16546K, capacity 16733K, committed 16896K, reserved 1064960K
  class space    used 1656K, capacity 1734K, committed 1792K, reserved 1048576K
}
Event: 8.531 GC heap before
{Heap before GC invocations=1 (full 0):
 garbage-first heap   total 131072K, used 18012K [0x0000000081a00000, 0x0000000100000000)
  region size 1024K, 18 young (18432K), 2 survivors (2048K)
 Metaspace       used 18831K, capacity 19005K, committed 19072K, reserved 1067008K
  class space    used 1817K, capacity 1894K, committed 1920K, reserved 1048576K
}
Event: 8.536 GC heap after
{Heap after GC invocations=2 (full 0):
 garbage-first heap   total 131072K, used 5068K [0x0000000081a00000, 0x0000000100000000)
  region size 1024K, 2 young (2048K), 2 survivors (2048K)
 Metaspace       used 18831K, capacity 19005K, committed 19072K, reserved 1067008K
  class space    used 1817K, capacity 1894K, committed 1920K, reserved 1048576K
}
Event: 10.309 GC heap before
{Heap before GC invocations=2 (full 0):
 garbage-first heap   total 131072K, used 83916K [0x0000000081a00000, 0x0000000100000000)
  region size 1024K, 76 young (77824K), 2 survivors (2048K)
 Metaspace       used 18995K, capacity 19133K, committed 19328K, reserved 1067008K
  class space    used 1819K, capacity 1894K, committed 1920K, reserved 1048576K
}
Event: 10.319 GC heap after
{Heap after GC invocations=3 (full 0):
 garbage-first heap   total 131072K, used 12791K [0x0000000081a00000, 0x0000000100000000)
  region size 1024K, 7 young (7168K), 7 survivors (7168K)
 Metaspace       used 18995K, capacity 19133K, committed 19328K, reserved 1067008K
  class space    used 1819K, capacity 1894K, committed 1920K, reserved 1048576K
}
Event: 14.322 GC heap before
{Heap before GC invocations=3 (full 0):
 garbage-first heap   total 131072K, used 87543K [0x0000000081a00000, 0x0000000100000000)
  region size 1024K, 76 young (77824K), 7 survivors (7168K)
 Metaspace       used 19039K, capacity 19197K, committed 19328K, reserved 1067008K
  class space    used 1819K, capacity 1894K, committed 1920K, reserved 1048576K
}
Event: 14.331 GC heap after
{Heap after GC invocations=4 (full 0):
 garbage-first heap   total 131072K, used 17344K [0x0000000081a00000, 0x0000000100000000)
  region size 1024K, 3 young (3072K), 3 survivors (3072K)
 Metaspace       used 19039K, capacity 19197K, committed 19328K, reserved 1067008K
  class space    used 1819K, capacity 1894K, committed 1920K, reserved 1048576K
}
Event: 16.534 GC heap before
{Heap before GC invocations=4 (full 0):
 garbage-first heap   total 131072K, used 97216K [0x0000000081a00000, 0x0000000100000000)
  region size 1024K, 76 young (77824K), 3 survivors (3072K)
 Metaspace       used 19039K, capacity 19197K, committed 19328K, reserved 1067008K
  class space    used 1819K, capacity 1894K, committed 1920K, reserved 1048576K
}
Event: 16.544 GC heap after
{Heap after GC invocations=5 (full 0):
 garbage-first heap   total 131072K, used 23228K [0x0000000081a00000, 0x0000000100000000)
  region size 1024K, 7 young (7168K), 7 survivors (7168K)
 Metaspace       used 19039K, capacity 19197K, committed 19328K, reserved 1067008K
  class space    used 1819K, capacity 1894K, committed 1920K, reserved 1048576K
}
Event: 16.902 GC heap before
{Heap before GC invocations=5 (full 0):
 garbage-first heap   total 131072K, used 101052K [0x0000000081a00000, 0x0000000100000000)
  region size 1024K, 76 young (77824K), 7 survivors (7168K)
 Metaspace       used 19039K, capacity 19197K, committed 19328K, reserved 1067008K
  class space    used 1819K, capacity 1894K, committed 1920K, reserved 1048576K
}
Event: 16.924 GC heap after
{Heap after GC invocations=6 (full 0):
 garbage-first heap   total 131072K, used 33749K [0x0000000081a00000, 0x0000000100000000)
  region size 1024K, 10 young (10240K), 10 survivors (10240K)
 Metaspace       used 19039K, capacity 19197K, committed 19328K, reserved 1067008K
  class space    used 1819K, capacity 1894K, committed 1920K, reserved 1048576K
}
Event: 17.268 GC heap before
{Heap before GC invocations=6 (full 0):
 garbage-first heap   total 131072K, used 119765K [0x0000000081a00000, 0x0000000100000000)
  region size 1024K, 76 young (77824K), 10 survivors (10240K)
 Metaspace       used 19039K, capacity 19197K, committed 19328K, reserved 1067008K
  class space    used 1819K, capacity 1894K, committed 1920K, reserved 1048576K
}
Event: 17.290 GC heap after
{Heap after GC invocations=7 (full 0):
 garbage-first heap   total 139264K, used 49317K [0x0000000081a00000, 0x0000000100000000)
  region size 1024K, 8 young (8192K), 8 survivors (8192K)
 Metaspace       used 19039K, capacity 19197K, committed 19328K, reserved 1067008K
  class space    used 1819K, capacity 1894K, committed 1920K, reserved 1048576K
}
Event: 17.593 GC heap before
{Heap before GC invocations=7 (full 0):
 garbage-first heap   total 148480K, used 126117K [0x0000000081a00000, 0x0000000100000000)
  region size 1024K, 66 young (67584K), 8 survivors (8192K)
 Metaspace       used 19039K, capacity 19197K, committed 19328K, reserved 1067008K
  class space    used 1819K, capacity 1894K, committed 1920K, reserved 1048576K
}
Event: 17.611 GC heap after
{Heap after GC invocations=8 (full 0):
 garbage-first heap   total 148480K, used 58758K [0x0000000081a00000, 0x0000000100000000)
  region size 1024K, 8 young (8192K), 8 survivors (8192K)
 Metaspace       used 19039K, capacity 19197K, committed 19328K, reserved 1067008K
  class space    used 1819K, capacity 1894K, committed 1920K, reserved 1048576K
}
Event: 21.604 GC heap before
{Heap before GC invocations=8 (full 0):
 garbage-first heap   total 148480K, used 117126K [0x0000000081a00000, 0x0000000100000000)
  region size 1024K, 65 young (66560K), 8 survivors (8192K)
 Metaspace       used 19039K, capacity 19197K, committed 19328K, reserved 1067008K
  class space    used 1819K, capacity 1894K, committed 1920K, reserved 1048576K
}
Event: 21.612 GC heap after
{Heap after GC invocations=9 (full 0):
 garbage-first heap   total 148480K, used 59813K [0x0000000081a00000, 0x0000000100000000)
  region size 1024K, 2 young (2048K), 2 survivors (2048K)
 Metaspace       used 19039K, capacity 19197K, committed 19328K, reserved 1067008K
  class space    used 1819K, capacity 1894K, committed 1920K, reserved 1048576K
}
Event: 25.997 GC heap before
{Heap before GC invocations=9 (full 0):
 garbage-first heap   total 148480K, used 119205K [0x0000000081a00000, 0x0000000100000000)
  region size 1024K, 60 young (61440K), 2 survivors (2048K)
 Metaspace       used 19045K, capacity 19197K, committed 19328K, reserved 1067008K
  class space    used 1820K, capacity 1894K, committed 1920K, reserved 1048576K
}
Event: 25.999 GC heap after
{Heap after GC invocations=10 (full 0):
 garbage-first heap   total 148480K, used 59134K [0x0000000081a00000, 0x0000000100000000)
  region size 1024K, 1 young (1024K), 1 survivors (1024K)
 Metaspace       used 19045K, capacity 19197K, committed 19328K, reserved 1067008K
  class space    used 1820K, capacity 1894K, committed 1920K, reserved 1048576K
}

